<?xml version="1.0" encoding="UTF-8"?>
<testsuite name="Lab3IterableTest" tests="8" skipped="0" failures="0" errors="0" timestamp="2020-10-30T21:54:56" hostname="DESKTOP-N2T8FBU" time="0.113">
  <properties/>
  <testcase name="Transform_integer()" classname="Lab3IterableTest" time="0.049"/>
  <testcase name="Filter_integer()" classname="Lab3IterableTest" time="0.002"/>
  <testcase name="Filter_double()" classname="Lab3IterableTest" time="0.009"/>
  <testcase name="Filter_string()" classname="Lab3IterableTest" time="0.004"/>
  <testcase name="Transform_character()" classname="Lab3IterableTest" time="0.003"/>
  <testcase name="Filter_character()" classname="Lab3IterableTest" time="0.002"/>
  <testcase name="Transform_double()" classname="Lab3IterableTest" time="0.003"/>
  <testcase name="Transform_string()" classname="Lab3IterableTest" time="0.006"/>
  <system-out><![CDATA[]]></system-out>
  <system-err><![CDATA[]]></system-err>
</testsuite>
